Using pre-set license
Built from '2020.3/release' branch; Version is '2020.3.15f2 (6cf78cb77498) revision 7141260'; Using compiler version '192528614'; Build Type 'Release'
OS: 'Windows 10 Pro; OS build 19042.1165; Version 2009; 64bit' Language: 'da' Physical Memory: 16341 MB
BatchMode: 1, IsHumanControllingUs: 0, StartBugReporterOnCrash: 0, Is64bit: 1, IsPro: 0

 COMMAND LINE ARGUMENTS:
L:\GameDevelopment\Unity\Unity Versions\2020.3.15f2\Editor\Unity.exe
-adb2
-batchMode
-noUpm
-name
AssetImportWorker0
-projectPath
L:/GameDevelopment/Unity/PROJECTS/_Courses/Junior Programmer/Programming-Theory-Repo
-logFile
Logs/AssetImportWorker0.log
-srvPort
52334
Successfully changed project path to: L:/GameDevelopment/Unity/PROJECTS/_Courses/Junior Programmer/Programming-Theory-Repo
L:/GameDevelopment/Unity/PROJECTS/_Courses/Junior Programmer/Programming-Theory-Repo
Using Asset Import Pipeline V2.
Refreshing native plugins compatible for Editor in 23.30 ms, found 2 plugins.
Preloading 0 native plugins for Editor in 0.00 ms.
Initialize engine version: 2020.3.15f2 (6cf78cb77498)
[Subsystems] Discovering subsystems at path L:/GameDevelopment/Unity/Unity Versions/2020.3.15f2/Editor/Data/Resources/UnitySubsystems
[Subsystems] Discovering subsystems at path L:/GameDevelopment/Unity/PROJECTS/_Courses/Junior Programmer/Programming-Theory-Repo/Assets
GfxDevice: creating device client; threaded=0
Direct3D:
    Version:  Direct3D 11.0 [level 11.1]
    Renderer: NVIDIA GeForce GTX 1070 (ID=0x1b81)
    Vendor:   
    VRAM:     8088 MB
    Driver:   30.0.14.7111
Initialize mono
Mono path[0] = 'L:/GameDevelopment/Unity/Unity Versions/2020.3.15f2/Editor/Data/Managed'
Mono path[1] = 'L:/GameDevelopment/Unity/Unity Versions/2020.3.15f2/Editor/Data/MonoBleedingEdge/lib/mono/unityjit'
Mono config path = 'L:/GameDevelopment/Unity/Unity Versions/2020.3.15f2/Editor/Data/MonoBleedingEdge/etc'
Using monoOptions --debugger-agent=transport=dt_socket,embedding=1,server=y,suspend=n,address=127.0.0.1:56276
Begin MonoManager ReloadAssembly
Registering precompiled unity dll's ...
Register platform support module: L:/GameDevelopment/Unity/Unity Versions/2020.3.15f2/Editor/Data/PlaybackEngines/WebGLSupport/UnityEditor.WebGL.Extensions.dll
Register platform support module: L:/GameDevelopment/Unity/Unity Versions/2020.3.15f2/Editor/Data/PlaybackEngines/WindowsStandaloneSupport/UnityEditor.WindowsStandalone.Extensions.dll
Registered in 0.001285 seconds.
Native extension for WindowsStandalone target not found
Native extension for WebGL target not found
Refreshing native plugins compatible for Editor in 22.80 ms, found 2 plugins.
Preloading 0 native plugins for Editor in 0.00 ms.
Mono: successfully reloaded assembly
- Completed reload, in  1.392 seconds
Domain Reload Profiling:
	ReloadAssembly (1392ms)
		BeginReloadAssembly (49ms)
			ExecutionOrderSort (0ms)
			DisableScriptedObjects (0ms)
			BackupInstance (0ms)
			ReleaseScriptingObjects (0ms)
			CreateAndSetChildDomain (1ms)
		EndReloadAssembly (340ms)
			LoadAssemblies (49ms)
			RebuildTransferFunctionScriptingTraits (0ms)
			SetupTypeCache (129ms)
			ReleaseScriptCaches (0ms)
			RebuildScriptCaches (27ms)
			SetupLoadedEditorAssemblies (129ms)
				LogAssemblyErrors (0ms)
				InitializePlatformSupportModulesInManaged (4ms)
				SetLoadedEditorAssemblies (0ms)
				RefreshPlugins (23ms)
				BeforeProcessingInitializeOnLoad (12ms)
				ProcessInitializeOnLoadAttributes (67ms)
				ProcessInitializeOnLoadMethodAttributes (24ms)
				AfterProcessingInitializeOnLoad (0ms)
				EditorAssembliesLoaded (0ms)
			ExecutionOrderSort2 (0ms)
			AwakeInstancesAfterBackupRestoration (0ms)
Platform modules already initialized, skipping
Registering precompiled user dll's ...
Registered in 0.002973 seconds.
Begin MonoManager ReloadAssembly
Native extension for WindowsStandalone target not found
Native extension for WebGL target not found
Refreshing native plugins compatible for Editor in 0.27 ms, found 2 plugins.
Preloading 0 native plugins for Editor in 0.00 ms.
Mono: successfully reloaded assembly
- Completed reload, in  0.929 seconds
Domain Reload Profiling:
	ReloadAssembly (930ms)
		BeginReloadAssembly (125ms)
			ExecutionOrderSort (0ms)
			DisableScriptedObjects (4ms)
			BackupInstance (0ms)
			ReleaseScriptingObjects (0ms)
			CreateAndSetChildDomain (16ms)
		EndReloadAssembly (757ms)
			LoadAssemblies (75ms)
			RebuildTransferFunctionScriptingTraits (0ms)
			SetupTypeCache (248ms)
			ReleaseScriptCaches (0ms)
			RebuildScriptCaches (37ms)
			SetupLoadedEditorAssemblies (317ms)
				LogAssemblyErrors (0ms)
				InitializePlatformSupportModulesInManaged (5ms)
				SetLoadedEditorAssemblies (0ms)
				RefreshPlugins (0ms)
				BeforeProcessingInitializeOnLoad (62ms)
				ProcessInitializeOnLoadAttributes (243ms)
				ProcessInitializeOnLoadMethodAttributes (3ms)
				AfterProcessingInitializeOnLoad (2ms)
				EditorAssembliesLoaded (0ms)
			ExecutionOrderSort2 (0ms)
			AwakeInstancesAfterBackupRestoration (5ms)
Platform modules already initialized, skipping
========================================================================
Worker process is ready to serve import requests
Launched and connected shader compiler UnityShaderCompiler.exe after 0.05 seconds
Refreshing native plugins compatible for Editor in 0.26 ms, found 2 plugins.
Preloading 0 native plugins for Editor in 0.00 ms.
Unloading 1410 Unused Serialized files (Serialized files now loaded: 0)
System memory in use before: 67.6 MB.
System memory in use after: 67.6 MB.

Unloading 19 unused Assets to reduce memory usage. Loaded Objects now: 1843.
Total: 2.019200 ms (FindLiveObjects: 0.145100 ms CreateObjectMapping: 0.033700 ms MarkObjects: 1.746700 ms  DeleteObjects: 0.093000 ms)

AssetImportParameters requested are different than current active one (requested -> active):
  custom:framework-win-MediaFoundation: 216162199b28c13a410421893ffa2e32 -> 
  custom:video-decoder-ogg-theora: a1e56fd34408186e4bbccfd4996cb3dc -> 
  custom:container-muxer-webm: aa71ff27fc2769a1b78a27578f13a17b -> 
  custom:container-demuxer-webm: 4f35f7cbe854078d1ac9338744f61a02 -> 
  custom:container-demuxer-ogg: 62fdf1f143b41e24485cea50d1cbac27 -> 
  custom:video-encoder-webm-vp8: eb34c28f22e8b96e1ab97ce403110664 -> 
  custom:video-codec-MediaFoundation-h265: 746d11721c4dcdbdad8f713fa42b33f4 -> 
  custom:video-decoder-webm-vp8: 9c59270c3fd7afecdb556c50c9e8de78 -> 
  custom:audio-decoder-ogg-vorbis: bf7c407c2cedff20999df2af8eb42d56 -> 
  custom:audio-encoder-webm-vorbis: bf7c407c2cedff20999df2af8eb42d56 -> 
========================================================================
Received Import Request.
  path: Assets/Jim.png
  artifactKey: Guid(d62b067a3e5e4874b90e0951251cdeff) Importer(815301076,1909f56bfc062723c751e8b465ee728b)
Start importing Assets/Jim.png using Guid(d62b067a3e5e4874b90e0951251cdeff) Importer(815301076,1909f56bfc062723c751e8b465ee728b)  -> (artifact id: '8c056a5a7109071448761dc789421613') in 0.099699 seconds 
  Import took 0.101515 seconds .

========================================================================
Received Import Request.
  Time since last request: 0.000245 seconds.
  path: Assets/Suzy.png
  artifactKey: Guid(1350a649ab5bd334f8019369594bdfde) Importer(815301076,1909f56bfc062723c751e8b465ee728b)
Start importing Assets/Suzy.png using Guid(1350a649ab5bd334f8019369594bdfde) Importer(815301076,1909f56bfc062723c751e8b465ee728b)  -> (artifact id: '525681bb2f7a400d9d7147f8d0d03bb6') in 0.007504 seconds 
  Import took 0.009234 seconds .

========================================================================
Received Import Request.
  Time since last request: 0.051655 seconds.
  path: Assets/Jim.png
  artifactKey: Guid(d62b067a3e5e4874b90e0951251cdeff) Importer(815301076,1909f56bfc062723c751e8b465ee728b)
Start importing Assets/Jim.png using Guid(d62b067a3e5e4874b90e0951251cdeff) Importer(815301076,1909f56bfc062723c751e8b465ee728b)  -> (artifact id: '8c056a5a7109071448761dc789421613') in 0.005222 seconds 
  Import took 0.007149 seconds .

========================================================================
Received Import Request.
  Time since last request: 6.309875 seconds.
  path: Assets/Jim.png
  artifactKey: Guid(d62b067a3e5e4874b90e0951251cdeff) Importer(815301076,1909f56bfc062723c751e8b465ee728b)
Start importing Assets/Jim.png using Guid(d62b067a3e5e4874b90e0951251cdeff) Importer(815301076,1909f56bfc062723c751e8b465ee728b)  -> (artifact id: 'f7b2da53ec353eb62f738c70a66ca54b') in 0.021349 seconds 
  Import took 0.023205 seconds .

========================================================================
Received Import Request.
  Time since last request: 2.641143 seconds.
  path: Assets/Bob.png
  artifactKey: Guid(5d24777c6b9eb6d478acd35123149ef5) Importer(815301076,1909f56bfc062723c751e8b465ee728b)
Start importing Assets/Bob.png using Guid(5d24777c6b9eb6d478acd35123149ef5) Importer(815301076,1909f56bfc062723c751e8b465ee728b)  -> (artifact id: '7caa7517f9d009de13ae8ffc3fed8d28') in 0.010094 seconds 
  Import took 0.012213 seconds .

========================================================================
Received Import Request.
  Time since last request: 0.000291 seconds.
  path: Assets/Bob.png
  artifactKey: Guid(5d24777c6b9eb6d478acd35123149ef5) Importer(815301076,1909f56bfc062723c751e8b465ee728b)
Start importing Assets/Bob.png using Guid(5d24777c6b9eb6d478acd35123149ef5) Importer(815301076,1909f56bfc062723c751e8b465ee728b)  -> (artifact id: '7caa7517f9d009de13ae8ffc3fed8d28') in 0.010269 seconds 
  Import took 0.013341 seconds .

========================================================================
Received Import Request.
  Time since last request: 6.495999 seconds.
  path: Assets/Jim.png
  artifactKey: Guid(d62b067a3e5e4874b90e0951251cdeff) Importer(815301076,1909f56bfc062723c751e8b465ee728b)
Start importing Assets/Jim.png using Guid(d62b067a3e5e4874b90e0951251cdeff) Importer(815301076,1909f56bfc062723c751e8b465ee728b)  -> (artifact id: '01bee92e63dbea4f20e73657b7dd6106') in 0.005280 seconds 
  Import took 0.007203 seconds .

========================================================================
Received Import Request.
  Time since last request: 1.670555 seconds.
  path: Assets/Suzy.png
  artifactKey: Guid(1350a649ab5bd334f8019369594bdfde) Importer(815301076,1909f56bfc062723c751e8b465ee728b)
Start importing Assets/Suzy.png using Guid(1350a649ab5bd334f8019369594bdfde) Importer(815301076,1909f56bfc062723c751e8b465ee728b)  -> (artifact id: 'c77d823602be2b3a03b90f61546f1fd2') in 0.005732 seconds 
  Import took 0.007719 seconds .

========================================================================
Received Import Request.
  Time since last request: 12.072618 seconds.
  path: Assets/Bob.png
  artifactKey: Guid(5d24777c6b9eb6d478acd35123149ef5) Importer(815301076,1909f56bfc062723c751e8b465ee728b)
Start importing Assets/Bob.png using Guid(5d24777c6b9eb6d478acd35123149ef5) Importer(815301076,1909f56bfc062723c751e8b465ee728b)  -> (artifact id: '4257d6dc4cee84c3bf07189e3958d297') in 0.005432 seconds 
  Import took 0.007640 seconds .

========================================================================
Received Prepare
Registering precompiled user dll's ...
Registered in 0.002928 seconds.
Begin MonoManager ReloadAssembly
Native extension for WindowsStandalone target not found
Native extension for WebGL target not found
Refreshing native plugins compatible for Editor in 0.28 ms, found 2 plugins.
Preloading 0 native plugins for Editor in 0.00 ms.
Mono: successfully reloaded assembly
- Completed reload, in  0.855 seconds
Domain Reload Profiling:
	ReloadAssembly (856ms)
		BeginReloadAssembly (99ms)
			ExecutionOrderSort (0ms)
			DisableScriptedObjects (4ms)
			BackupInstance (0ms)
			ReleaseScriptingObjects (0ms)
			CreateAndSetChildDomain (27ms)
		EndReloadAssembly (706ms)
			LoadAssemblies (72ms)
			RebuildTransferFunctionScriptingTraits (0ms)
			SetupTypeCache (242ms)
			ReleaseScriptCaches (1ms)
			RebuildScriptCaches (30ms)
			SetupLoadedEditorAssemblies (285ms)
				LogAssemblyErrors (0ms)
				InitializePlatformSupportModulesInManaged (5ms)
				SetLoadedEditorAssemblies (0ms)
				RefreshPlugins (0ms)
				BeforeProcessingInitializeOnLoad (53ms)
				ProcessInitializeOnLoadAttributes (221ms)
				ProcessInitializeOnLoadMethodAttributes (3ms)
				AfterProcessingInitializeOnLoad (2ms)
				EditorAssembliesLoaded (0ms)
			ExecutionOrderSort2 (0ms)
			AwakeInstancesAfterBackupRestoration (5ms)
Platform modules already initialized, skipping
Refreshing native plugins compatible for Editor in 0.28 ms, found 2 plugins.
Preloading 0 native plugins for Editor in 0.00 ms.
Unloading 1426 Unused Serialized files (Serialized files now loaded: 0)
System memory in use before: 67.4 MB.
System memory in use after: 67.4 MB.

Unloading 14 unused Assets to reduce memory usage. Loaded Objects now: 1882.
Total: 1.946600 ms (FindLiveObjects: 0.121300 ms CreateObjectMapping: 0.039400 ms MarkObjects: 1.738100 ms  DeleteObjects: 0.047000 ms)

AssetImportParameters requested are different than current active one (requested -> active):
  custom:framework-win-MediaFoundation: 216162199b28c13a410421893ffa2e32 -> 
  custom:video-decoder-ogg-theora: a1e56fd34408186e4bbccfd4996cb3dc -> 
  custom:container-muxer-webm: aa71ff27fc2769a1b78a27578f13a17b -> 
  custom:container-demuxer-webm: 4f35f7cbe854078d1ac9338744f61a02 -> 
  custom:container-demuxer-ogg: 62fdf1f143b41e24485cea50d1cbac27 -> 
  custom:video-encoder-webm-vp8: eb34c28f22e8b96e1ab97ce403110664 -> 
  custom:video-codec-MediaFoundation-h265: 746d11721c4dcdbdad8f713fa42b33f4 -> 
  custom:video-decoder-webm-vp8: 9c59270c3fd7afecdb556c50c9e8de78 -> 
  custom:audio-decoder-ogg-vorbis: bf7c407c2cedff20999df2af8eb42d56 -> 
  custom:audio-encoder-webm-vorbis: bf7c407c2cedff20999df2af8eb42d56 -> 
========================================================================
Received Import Request.
  Time since last request: 61.902702 seconds.
  path: Assets/Bob.png
  artifactKey: Guid(5d24777c6b9eb6d478acd35123149ef5) Importer(815301076,1909f56bfc062723c751e8b465ee728b)
Start importing Assets/Bob.png using Guid(5d24777c6b9eb6d478acd35123149ef5) Importer(815301076,1909f56bfc062723c751e8b465ee728b)  -> (artifact id: 'be1d43f0641a22500c7f6354b364be44') in 0.061848 seconds 
  Import took 0.064034 seconds .

========================================================================
Received Import Request.
  Time since last request: 16.468468 seconds.
  path: Assets/Bob.png
  artifactKey: Guid(5d24777c6b9eb6d478acd35123149ef5) Importer(815301076,1909f56bfc062723c751e8b465ee728b)
Start importing Assets/Bob.png using Guid(5d24777c6b9eb6d478acd35123149ef5) Importer(815301076,1909f56bfc062723c751e8b465ee728b)  -> (artifact id: '18126fc8f8406b4735d5661671eda42b') in 0.006421 seconds 
  Import took 0.008569 seconds .

========================================================================
Received Import Request.
  Time since last request: 3.771557 seconds.
  path: Assets/Bob.png
  artifactKey: Guid(5d24777c6b9eb6d478acd35123149ef5) Importer(815301076,1909f56bfc062723c751e8b465ee728b)
Start importing Assets/Bob.png using Guid(5d24777c6b9eb6d478acd35123149ef5) Importer(815301076,1909f56bfc062723c751e8b465ee728b)  -> (artifact id: '09d0f2b9195236e424f9af1dd6e8c5d7') in 0.007642 seconds 
  Import took 0.009800 seconds .

========================================================================
Received Import Request.
  Time since last request: 6.894900 seconds.
  path: Assets/Jim.png
  artifactKey: Guid(d62b067a3e5e4874b90e0951251cdeff) Importer(815301076,1909f56bfc062723c751e8b465ee728b)
Start importing Assets/Jim.png using Guid(d62b067a3e5e4874b90e0951251cdeff) Importer(815301076,1909f56bfc062723c751e8b465ee728b)  -> (artifact id: '155ebd54c7ef5ab443d629dd2a504076') in 0.007968 seconds 
  Import took 0.010009 seconds .

========================================================================
Received Import Request.
  Time since last request: 6.215930 seconds.
  path: Assets/Suzy.png
  artifactKey: Guid(1350a649ab5bd334f8019369594bdfde) Importer(815301076,1909f56bfc062723c751e8b465ee728b)
Start importing Assets/Suzy.png using Guid(1350a649ab5bd334f8019369594bdfde) Importer(815301076,1909f56bfc062723c751e8b465ee728b)  -> (artifact id: '6504c808427e5730799947ed94b2c1a1') in 0.007574 seconds 
  Import took 0.009585 seconds .

